<?xml version="1.0" encoding="UTF-8"?>
<coverage generated="1657768054268" clover="3.2.0">
  <project timestamp="1657768054269" name="All files">
    <metrics statements="54" coveredstatements="53" conditionals="25" coveredconditionals="24" methods="10" coveredmethods="10" elements="89" coveredelements="87" complexity="0" loc="54" ncloc="54" packages="1" files="2" classes="2"/>
    <file name="config.ts" path="/home/xmo/code/open/cal-rule/src/config.ts">
      <metrics statements="1" coveredstatements="1" conditionals="0" coveredconditionals="0" methods="0" coveredmethods="0"/>
      <line num="2" count="1" type="stmt"/>
    </file>
    <file name="index.ts" path="/home/xmo/code/open/cal-rule/src/index.ts">
      <metrics statements="53" coveredstatements="52" conditionals="25" coveredconditionals="24" methods="10" coveredmethods="10"/>
      <line num="1" count="1" type="stmt"/>
      <line num="3" count="1" type="stmt"/>
      <line num="4" count="1" type="stmt"/>
      <line num="12" count="9" type="stmt"/>
      <line num="13" count="27" type="stmt"/>
      <line num="14" count="9" type="stmt"/>
      <line num="15" count="26" type="cond" truecount="3" falsecount="0"/>
      <line num="16" count="1" type="stmt"/>
      <line num="18" count="8" type="stmt"/>
      <line num="20" count="8" type="stmt"/>
      <line num="21" count="16" type="stmt"/>
      <line num="22" count="16" type="cond" truecount="4" falsecount="0"/>
      <line num="23" count="16" type="cond" truecount="2" falsecount="0"/>
      <line num="24" count="16" type="stmt"/>
      <line num="27" count="8" type="stmt"/>
      <line num="28" count="8" type="stmt"/>
      <line num="29" count="8" type="stmt"/>
      <line num="30" count="7" type="cond" truecount="0" falsecount="1"/>
      <line num="31" count="0" type="stmt"/>
      <line num="34" count="1" type="stmt"/>
      <line num="41" count="9" type="stmt"/>
      <line num="42" count="20" type="cond" truecount="2" falsecount="0"/>
      <line num="43" count="15" type="stmt"/>
      <line num="45" count="5" type="cond" truecount="1" falsecount="0"/>
      <line num="47" count="3" type="stmt"/>
      <line num="50" count="9" type="stmt"/>
      <line num="51" count="19" type="stmt"/>
      <line num="52" count="19" type="stmt"/>
      <line num="53" count="57" type="stmt"/>
      <line num="54" count="57" type="cond" truecount="4" falsecount="0"/>
      <line num="56" count="19" type="stmt"/>
      <line num="62" count="14" type="cond" truecount="1" falsecount="0"/>
      <line num="63" count="2" type="stmt"/>
      <line num="65" count="12" type="cond" truecount="1" falsecount="0"/>
      <line num="66" count="1" type="stmt"/>
      <line num="68" count="11" type="stmt"/>
      <line num="69" count="22" type="cond" truecount="2" falsecount="0"/>
      <line num="70" count="5" type="stmt"/>
      <line num="72" count="17" type="stmt"/>
      <line num="73" count="17" type="cond" truecount="2" falsecount="0"/>
      <line num="74" count="16" type="cond" truecount="1" falsecount="0"/>
      <line num="75" count="1" type="stmt"/>
      <line num="78" count="1" type="stmt"/>
      <line num="80" count="15" type="stmt"/>
      <line num="82" count="1" type="stmt"/>
      <line num="85" count="1" type="stmt"/>
      <line num="89" count="11" type="stmt"/>
      <line num="90" count="11" type="stmt"/>
      <line num="91" count="11" type="stmt"/>
      <line num="94" count="1" type="stmt"/>
      <line num="95" count="9" type="stmt"/>
      <line num="98" count="1" type="stmt"/>
      <line num="100" count="1" type="stmt"/>
    </file>
  </project>
</coverage>
