<?xml version="1.0" encoding="UTF-8"?>
<coverage generated="1657876361484" clover="3.2.0">
  <project timestamp="1657876361484" name="All files">
    <metrics statements="88" coveredstatements="88" conditionals="45" coveredconditionals="45" methods="18" coveredmethods="18" elements="151" coveredelements="151" complexity="0" loc="88" ncloc="88" packages="1" files="2" classes="2"/>
    <file name="config.ts" path="/home/xmo/code/open/cal-rule/src/config.ts">
      <metrics statements="1" coveredstatements="1" conditionals="0" coveredconditionals="0" methods="0" coveredmethods="0"/>
      <line num="2" count="1" type="stmt"/>
    </file>
    <file name="index.ts" path="/home/xmo/code/open/cal-rule/src/index.ts">
      <metrics statements="87" coveredstatements="87" conditionals="45" coveredconditionals="45" methods="18" coveredmethods="18"/>
      <line num="1" count="1" type="stmt"/>
      <line num="3" count="1" type="stmt"/>
      <line num="4" count="1" type="stmt"/>
      <line num="5" count="1" type="stmt"/>
      <line num="7" count="1" type="stmt"/>
      <line num="8" count="1" type="stmt"/>
      <line num="9" count="2" type="stmt"/>
      <line num="11" count="2" type="stmt"/>
      <line num="14" count="2" type="stmt"/>
      <line num="15" count="2" type="stmt"/>
      <line num="16" count="2" type="stmt"/>
      <line num="20" count="1" type="stmt"/>
      <line num="21" count="5" type="stmt"/>
      <line num="25" count="5" type="cond" truecount="2" falsecount="0"/>
      <line num="26" count="1" type="stmt"/>
      <line num="28" count="4" type="cond" truecount="2" falsecount="0"/>
      <line num="29" count="2" type="stmt"/>
      <line num="30" count="2" type="cond" truecount="2" falsecount="0"/>
      <line num="31" count="1" type="stmt"/>
      <line num="32" count="1" type="cond" truecount="1" falsecount="0"/>
      <line num="33" count="1" type="stmt"/>
      <line num="39" count="1" type="stmt"/>
      <line num="41" count="2" type="stmt"/>
      <line num="48" count="1" type="stmt"/>
      <line num="49" count="2" type="stmt"/>
      <line num="53" count="3" type="stmt"/>
      <line num="60" count="1" type="stmt"/>
      <line num="64" count="51" type="cond" truecount="3" falsecount="0"/>
      <line num="65" count="12" type="stmt"/>
      <line num="67" count="39" type="cond" truecount="2" falsecount="0"/>
      <line num="68" count="20" type="cond" truecount="1" falsecount="0"/>
      <line num="69" count="17" type="stmt"/>
      <line num="71" count="3" type="cond" truecount="2" falsecount="0"/>
      <line num="72" count="2" type="stmt"/>
      <line num="74" count="1" type="stmt"/>
      <line num="77" count="1" type="stmt"/>
      <line num="80" count="19" type="cond" truecount="1" falsecount="0"/>
      <line num="81" count="5" type="stmt"/>
      <line num="83" count="14" type="stmt"/>
      <line num="94" count="15" type="stmt"/>
      <line num="95" count="51" type="stmt"/>
      <line num="96" count="15" type="stmt"/>
      <line num="97" count="50" type="cond" truecount="3" falsecount="0"/>
      <line num="98" count="1" type="stmt"/>
      <line num="100" count="14" type="stmt"/>
      <line num="102" count="14" type="stmt"/>
      <line num="103" count="34" type="stmt"/>
      <line num="104" count="34" type="cond" truecount="4" falsecount="0"/>
      <line num="105" count="34" type="cond" truecount="2" falsecount="0"/>
      <line num="106" count="34" type="stmt"/>
      <line num="109" count="14" type="stmt"/>
      <line num="117" count="15" type="stmt"/>
      <line num="118" count="38" type="stmt"/>
      <line num="119" count="38" type="stmt"/>
      <line num="120" count="132" type="stmt"/>
      <line num="121" count="132" type="cond" truecount="4" falsecount="0"/>
      <line num="123" count="38" type="cond" truecount="1" falsecount="0"/>
      <line num="124" count="1" type="stmt"/>
      <line num="126" count="37" type="stmt"/>
      <line num="127" count="37" type="stmt"/>
      <line num="128" count="37" type="stmt"/>
      <line num="129" count="36" type="cond" truecount="1" falsecount="0"/>
      <line num="130" count="1" type="stmt"/>
      <line num="132" count="35" type="stmt"/>
      <line num="134" count="2" type="cond" truecount="2" falsecount="0"/>
      <line num="135" count="1" type="stmt"/>
      <line num="137" count="1" type="stmt"/>
      <line num="145" count="29" type="cond" truecount="4" falsecount="0"/>
      <line num="146" count="4" type="stmt"/>
      <line num="148" count="25" type="stmt"/>
      <line num="149" count="61" type="cond" truecount="2" falsecount="0"/>
      <line num="150" count="23" type="stmt"/>
      <line num="152" count="38" type="stmt"/>
      <line num="153" count="38" type="cond" truecount="2" falsecount="0"/>
      <line num="154" count="37" type="cond" truecount="1" falsecount="0"/>
      <line num="155" count="1" type="stmt"/>
      <line num="156" count="1" type="stmt"/>
      <line num="158" count="36" type="stmt"/>
      <line num="160" count="1" type="stmt"/>
      <line num="161" count="1" type="stmt"/>
      <line num="165" count="24" type="stmt"/>
      <line num="168" count="1" type="stmt"/>
      <line num="169" count="14" type="stmt"/>
      <line num="170" count="12" type="stmt"/>
      <line num="171" count="12" type="stmt"/>
      <line num="174" count="1" type="stmt"/>
      <line num="176" count="1" type="stmt"/>
    </file>
  </project>
</coverage>
