{"/home/xmo/code/open/cal-rule/src/config.ts": {"path":"/home/xmo/code/open/cal-rule/src/config.ts","statementMap":{"0":{"start":{"line":2,"column":0},"end":{"line":4,"column":null}}},"fnMap":{},"branchMap":{},"s":{"0":1},"f":{},"b":{}}
,"/home/xmo/code/open/cal-rule/src/index.ts": {"path":"/home/xmo/code/open/cal-rule/src/index.ts","statementMap":{"0":{"start":{"line":1,"column":0},"end":{"line":1,"column":30}},"1":{"start":{"line":3,"column":14},"end":{"line":3,"column":26}},"2":{"start":{"line":4,"column":22},"end":{"line":4,"column":41}},"3":{"start":{"line":41,"column":2},"end":{"line":48,"column":4}},"4":{"start":{"line":42,"column":4},"end":{"line":46,"column":null}},"5":{"start":{"line":43,"column":6},"end":{"line":43,"column":30}},"6":{"start":{"line":45,"column":6},"end":{"line":45,"column":71}},"7":{"start":{"line":45,"column":40},"end":{"line":45,"column":71}},"8":{"start":{"line":47,"column":4},"end":{"line":47,"column":17}},"9":{"start":{"line":50,"column":10},"end":{"line":57,"column":4}},"10":{"start":{"line":51,"column":14},"end":{"line":51,"column":16}},"11":{"start":{"line":52,"column":4},"end":{"line":55,"column":7}},"12":{"start":{"line":53,"column":6},"end":{"line":53,"column":17}},"13":{"start":{"line":54,"column":6},"end":{"line":54,"column":37}},"14":{"start":{"line":56,"column":4},"end":{"line":56,"column":15}},"15":{"start":{"line":12,"column":4},"end":{"line":12,"column":21}},"16":{"start":{"line":13,"column":4},"end":{"line":13,"column":79}},"17":{"start":{"line":13,"column":55},"end":{"line":13,"column":77}},"18":{"start":{"line":14,"column":16},"end":{"line":14,"column":38}},"19":{"start":{"line":15,"column":4},"end":{"line":17,"column":null}},"20":{"start":{"line":15,"column":43},"end":{"line":15,"column":68}},"21":{"start":{"line":16,"column":6},"end":{"line":16,"column":58}},"22":{"start":{"line":18,"column":4},"end":{"line":18,"column":23}},"23":{"start":{"line":20,"column":4},"end":{"line":25,"column":7}},"24":{"start":{"line":21,"column":23},"end":{"line":21,"column":74}},"25":{"start":{"line":22,"column":23},"end":{"line":22,"column":53}},"26":{"start":{"line":23,"column":28},"end":{"line":23,"column":86}},"27":{"start":{"line":24,"column":6},"end":{"line":24,"column":39}},"28":{"start":{"line":27,"column":20},"end":{"line":27,"column":78}},"29":{"start":{"line":28,"column":4},"end":{"line":35,"column":null}},"30":{"start":{"line":29,"column":18},"end":{"line":29,"column":31}},"31":{"start":{"line":30,"column":6},"end":{"line":32,"column":null}},"32":{"start":{"line":31,"column":8},"end":{"line":31,"column":26}},"33":{"start":{"line":34,"column":6},"end":{"line":34,"column":58}},"34":{"start":{"line":62,"column":4},"end":{"line":64,"column":null}},"35":{"start":{"line":63,"column":6},"end":{"line":63,"column":52}},"36":{"start":{"line":65,"column":4},"end":{"line":67,"column":null}},"37":{"start":{"line":66,"column":6},"end":{"line":66,"column":51}},"38":{"start":{"line":68,"column":23},"end":{"line":88,"column":6}},"39":{"start":{"line":69,"column":6},"end":{"line":87,"column":null}},"40":{"start":{"line":70,"column":8},"end":{"line":70,"column":59}},"41":{"start":{"line":72,"column":28},"end":{"line":72,"column":49}},"42":{"start":{"line":73,"column":8},"end":{"line":86,"column":null}},"43":{"start":{"line":74,"column":10},"end":{"line":79,"column":null}},"44":{"start":{"line":75,"column":12},"end":{"line":77,"column":14}},"45":{"start":{"line":78,"column":12},"end":{"line":78,"column":25}},"46":{"start":{"line":80,"column":10},"end":{"line":80,"column":72}},"47":{"start":{"line":82,"column":10},"end":{"line":84,"column":12}},"48":{"start":{"line":85,"column":10},"end":{"line":85,"column":23}},"49":{"start":{"line":89,"column":19},"end":{"line":89,"column":43}},"50":{"start":{"line":90,"column":16},"end":{"line":90,"column":42}},"51":{"start":{"line":91,"column":4},"end":{"line":91,"column":15}},"52":{"start":{"line":94,"column":20},"end":{"line":96,"column":1}},"53":{"start":{"line":95,"column":2},"end":{"line":95,"column":27}},"54":{"start":{"line":94,"column":13},"end":{"line":94,"column":20}},"55":{"start":{"line":98,"column":0},"end":{"line":98,"column":23}},"56":{"start":{"line":100,"column":13},"end":{"line":100,"column":38}}},"fnMap":{"0":{"name":"(anonymous_1)","decl":{"start":{"line":11,"column":2},"end":{"line":11,"column":14}},"loc":{"start":{"line":11,"column":26},"end":{"line":36,"column":3}}},"1":{"name":"(anonymous_2)","decl":{"start":{"line":41,"column":15},"end":{"line":41,"column":16}},"loc":{"start":{"line":41,"column":79},"end":{"line":48,"column":3}}},"2":{"name":"(anonymous_3)","decl":{"start":{"line":50,"column":20},"end":{"line":50,"column":21}},"loc":{"start":{"line":50,"column":46},"end":{"line":57,"column":3}}},"3":{"name":"(anonymous_4)","decl":{"start":{"line":52,"column":24},"end":{"line":52,"column":25}},"loc":{"start":{"line":52,"column":39},"end":{"line":55,"column":5}}},"4":{"name":"(anonymous_5)","decl":{"start":{"line":13,"column":45},"end":{"line":13,"column":46}},"loc":{"start":{"line":13,"column":55},"end":{"line":13,"column":77}}},"5":{"name":"(anonymous_6)","decl":{"start":{"line":15,"column":33},"end":{"line":15,"column":34}},"loc":{"start":{"line":15,"column":43},"end":{"line":15,"column":68}}},"6":{"name":"(anonymous_7)","decl":{"start":{"line":20,"column":30},"end":{"line":20,"column":31}},"loc":{"start":{"line":20,"column":39},"end":{"line":25,"column":5}}},"7":{"name":"(anonymous_8)","decl":{"start":{"line":59,"column":2},"end":{"line":59,"column":7}},"loc":{"start":{"line":60,"column":100},"end":{"line":92,"column":3}}},"8":{"name":"(anonymous_9)","decl":{"start":{"line":68,"column":43},"end":{"line":68,"column":44}},"loc":{"start":{"line":68,"column":59},"end":{"line":88,"column":5}}},"9":{"name":"(anonymous_10)","decl":{"start":{"line":94,"column":20},"end":{"line":94,"column":21}},"loc":{"start":{"line":94,"column":37},"end":{"line":96,"column":1}}}},"branchMap":{"0":{"loc":{"start":{"line":42,"column":4},"end":{"line":46,"column":null}},"type":"if","locations":[{"start":{"line":42,"column":4},"end":{"line":46,"column":null}},{"start":{"line":44,"column":11},"end":{"line":46,"column":null}}]},"1":{"loc":{"start":{"line":45,"column":6},"end":{"line":45,"column":71}},"type":"if","locations":[{"start":{"line":45,"column":6},"end":{"line":45,"column":71}}]},"2":{"loc":{"start":{"line":54,"column":13},"end":{"line":54,"column":36}},"type":"cond-expr","locations":[{"start":{"line":54,"column":30},"end":{"line":54,"column":34}},{"start":{"line":54,"column":34},"end":{"line":54,"column":36}}]},"3":{"loc":{"start":{"line":54,"column":13},"end":{"line":54,"column":34}},"type":"binary-expr","locations":[{"start":{"line":54,"column":13},"end":{"line":54,"column":34}},{"start":{"line":54,"column":30},"end":{"line":54,"column":34}}]},"4":{"loc":{"start":{"line":15,"column":4},"end":{"line":17,"column":null}},"type":"if","locations":[{"start":{"line":15,"column":4},"end":{"line":17,"column":null}}]},"5":{"loc":{"start":{"line":15,"column":8},"end":{"line":15,"column":69}},"type":"binary-expr","locations":[{"start":{"line":15,"column":8},"end":{"line":15,"column":12}},{"start":{"line":15,"column":16},"end":{"line":15,"column":69}}]},"6":{"loc":{"start":{"line":22,"column":24},"end":{"line":22,"column":49}},"type":"cond-expr","locations":[{"start":{"line":22,"column":43},"end":{"line":22,"column":47}},{"start":{"line":22,"column":47},"end":{"line":22,"column":49}}]},"7":{"loc":{"start":{"line":22,"column":24},"end":{"line":22,"column":47}},"type":"binary-expr","locations":[{"start":{"line":22,"column":24},"end":{"line":22,"column":47}},{"start":{"line":22,"column":43},"end":{"line":22,"column":47}}]},"8":{"loc":{"start":{"line":23,"column":28},"end":{"line":23,"column":86}},"type":"cond-expr","locations":[{"start":{"line":23,"column":39},"end":{"line":23,"column":81}},{"start":{"line":23,"column":84},"end":{"line":23,"column":86}}]},"9":{"loc":{"start":{"line":30,"column":6},"end":{"line":32,"column":null}},"type":"if","locations":[{"start":{"line":30,"column":6},"end":{"line":32,"column":null}}]},"10":{"loc":{"start":{"line":60,"column":4},"end":{"line":60,"column":100}},"type":"default-arg","locations":[{"start":{"line":60,"column":85},"end":{"line":60,"column":100}}]},"11":{"loc":{"start":{"line":62,"column":4},"end":{"line":64,"column":null}},"type":"if","locations":[{"start":{"line":62,"column":4},"end":{"line":64,"column":null}}]},"12":{"loc":{"start":{"line":65,"column":4},"end":{"line":67,"column":null}},"type":"if","locations":[{"start":{"line":65,"column":4},"end":{"line":67,"column":null}}]},"13":{"loc":{"start":{"line":69,"column":6},"end":{"line":87,"column":null}},"type":"if","locations":[{"start":{"line":69,"column":6},"end":{"line":87,"column":null}},{"start":{"line":71,"column":13},"end":{"line":87,"column":null}}]},"14":{"loc":{"start":{"line":73,"column":8},"end":{"line":86,"column":null}},"type":"if","locations":[{"start":{"line":73,"column":8},"end":{"line":86,"column":null}},{"start":{"line":81,"column":15},"end":{"line":86,"column":null}}]},"15":{"loc":{"start":{"line":74,"column":10},"end":{"line":79,"column":null}},"type":"if","locations":[{"start":{"line":74,"column":10},"end":{"line":79,"column":null}}]}},"s":{"0":1,"1":1,"2":1,"3":9,"4":20,"5":15,"6":5,"7":2,"8":3,"9":9,"10":19,"11":19,"12":57,"13":57,"14":19,"15":9,"16":9,"17":27,"18":9,"19":9,"20":26,"21":1,"22":8,"23":8,"24":16,"25":16,"26":16,"27":16,"28":8,"29":8,"30":8,"31":7,"32":0,"33":1,"34":14,"35":2,"36":12,"37":1,"38":11,"39":22,"40":5,"41":17,"42":17,"43":16,"44":1,"45":1,"46":15,"47":1,"48":1,"49":11,"50":11,"51":11,"52":1,"53":9,"54":1,"55":1,"56":1},"f":{"0":9,"1":20,"2":19,"3":57,"4":27,"5":26,"6":16,"7":14,"8":22,"9":9},"b":{"0":[15,5],"1":[2],"2":[38,19],"3":[57,57],"4":[1],"5":[9,9],"6":[15,1],"7":[16,15],"8":[15,1],"9":[0],"10":[14],"11":[2],"12":[1],"13":[5,17],"14":[16,1],"15":[1]}}
}
