{"/home/xmo/code/open/cal-rule/src/config.ts": {"path":"/home/xmo/code/open/cal-rule/src/config.ts","statementMap":{"0":{"start":{"line":2,"column":0},"end":{"line":4,"column":null}}},"fnMap":{},"branchMap":{},"s":{"0":1},"f":{},"b":{}}
,"/home/xmo/code/open/cal-rule/src/index.ts": {"path":"/home/xmo/code/open/cal-rule/src/index.ts","statementMap":{"0":{"start":{"line":1,"column":0},"end":{"line":1,"column":30}},"1":{"start":{"line":3,"column":14},"end":{"line":3,"column":26}},"2":{"start":{"line":4,"column":22},"end":{"line":4,"column":34}},"3":{"start":{"line":5,"column":24},"end":{"line":5,"column":53}},"4":{"start":{"line":14,"column":16},"end":{"line":14,"column":25}},"5":{"start":{"line":15,"column":4},"end":{"line":15,"column":51}},"6":{"start":{"line":16,"column":4},"end":{"line":16,"column":42}},"7":{"start":{"line":7,"column":0},"end":{"line":7,"column":13}},"8":{"start":{"line":8,"column":18},"end":{"line":9,"column":124}},"9":{"start":{"line":9,"column":4},"end":{"line":9,"column":123}},"10":{"start":{"line":11,"column":18},"end":{"line":11,"column":79}},"11":{"start":{"line":11,"column":43},"end":{"line":11,"column":78}},"12":{"start":{"line":25,"column":4},"end":{"line":35,"column":null}},"13":{"start":{"line":26,"column":6},"end":{"line":26,"column":45}},"14":{"start":{"line":28,"column":6},"end":{"line":34,"column":null}},"15":{"start":{"line":29,"column":8},"end":{"line":29,"column":53}},"16":{"start":{"line":30,"column":13},"end":{"line":34,"column":null}},"17":{"start":{"line":31,"column":8},"end":{"line":31,"column":52}},"18":{"start":{"line":32,"column":13},"end":{"line":34,"column":null}},"19":{"start":{"line":33,"column":8},"end":{"line":33,"column":56}},"20":{"start":{"line":20,"column":0},"end":{"line":20,"column":13}},"21":{"start":{"line":21,"column":18},"end":{"line":21,"column":76}},"22":{"start":{"line":21,"column":43},"end":{"line":21,"column":75}},"23":{"start":{"line":41,"column":4},"end":{"line":43,"column":6}},"24":{"start":{"line":39,"column":0},"end":{"line":39,"column":13}},"25":{"start":{"line":48,"column":36},"end":{"line":58,"column":1}},"26":{"start":{"line":49,"column":2},"end":{"line":57,"column":4}},"27":{"start":{"line":53,"column":18},"end":{"line":53,"column":26}},"28":{"start":{"line":48,"column":13},"end":{"line":48,"column":36}},"29":{"start":{"line":60,"column":33},"end":{"line":85,"column":1}},"30":{"start":{"line":64,"column":2},"end":{"line":66,"column":null}},"31":{"start":{"line":65,"column":4},"end":{"line":65,"column":17}},"32":{"start":{"line":67,"column":2},"end":{"line":84,"column":null}},"33":{"start":{"line":68,"column":4},"end":{"line":70,"column":null}},"34":{"start":{"line":69,"column":6},"end":{"line":69,"column":56}},"35":{"start":{"line":71,"column":4},"end":{"line":78,"column":null}},"36":{"start":{"line":72,"column":6},"end":{"line":72,"column":36}},"37":{"start":{"line":74,"column":6},"end":{"line":76,"column":8}},"38":{"start":{"line":77,"column":6},"end":{"line":77,"column":51}},"39":{"start":{"line":80,"column":4},"end":{"line":82,"column":null}},"40":{"start":{"line":81,"column":6},"end":{"line":81,"column":37}},"41":{"start":{"line":83,"column":4},"end":{"line":83,"column":16}},"42":{"start":{"line":60,"column":13},"end":{"line":60,"column":33}},"43":{"start":{"line":117,"column":10},"end":{"line":140,"column":4}},"44":{"start":{"line":118,"column":14},"end":{"line":118,"column":16}},"45":{"start":{"line":119,"column":4},"end":{"line":122,"column":7}},"46":{"start":{"line":120,"column":6},"end":{"line":120,"column":17}},"47":{"start":{"line":121,"column":6},"end":{"line":121,"column":37}},"48":{"start":{"line":123,"column":4},"end":{"line":125,"column":null}},"49":{"start":{"line":124,"column":6},"end":{"line":124,"column":34}},"50":{"start":{"line":126,"column":4},"end":{"line":126,"column":21}},"51":{"start":{"line":127,"column":4},"end":{"line":139,"column":null}},"52":{"start":{"line":128,"column":18},"end":{"line":128,"column":46}},"53":{"start":{"line":129,"column":6},"end":{"line":131,"column":null}},"54":{"start":{"line":130,"column":8},"end":{"line":130,"column":36}},"55":{"start":{"line":132,"column":6},"end":{"line":132,"column":19}},"56":{"start":{"line":134,"column":6},"end":{"line":138,"column":null}},"57":{"start":{"line":135,"column":8},"end":{"line":135,"column":18}},"58":{"start":{"line":137,"column":8},"end":{"line":137,"column":44}},"59":{"start":{"line":94,"column":4},"end":{"line":94,"column":21}},"60":{"start":{"line":95,"column":4},"end":{"line":95,"column":79}},"61":{"start":{"line":95,"column":55},"end":{"line":95,"column":77}},"62":{"start":{"line":96,"column":16},"end":{"line":96,"column":38}},"63":{"start":{"line":97,"column":4},"end":{"line":99,"column":null}},"64":{"start":{"line":97,"column":43},"end":{"line":97,"column":68}},"65":{"start":{"line":98,"column":6},"end":{"line":98,"column":42}},"66":{"start":{"line":100,"column":4},"end":{"line":100,"column":23}},"67":{"start":{"line":102,"column":4},"end":{"line":107,"column":7}},"68":{"start":{"line":103,"column":23},"end":{"line":103,"column":74}},"69":{"start":{"line":104,"column":23},"end":{"line":104,"column":53}},"70":{"start":{"line":105,"column":28},"end":{"line":105,"column":86}},"71":{"start":{"line":106,"column":6},"end":{"line":106,"column":39}},"72":{"start":{"line":109,"column":4},"end":{"line":109,"column":63}},"73":{"start":{"line":145,"column":4},"end":{"line":147,"column":null}},"74":{"start":{"line":146,"column":6},"end":{"line":146,"column":43}},"75":{"start":{"line":148,"column":23},"end":{"line":164,"column":6}},"76":{"start":{"line":149,"column":6},"end":{"line":163,"column":null}},"77":{"start":{"line":150,"column":8},"end":{"line":150,"column":59}},"78":{"start":{"line":152,"column":28},"end":{"line":152,"column":49}},"79":{"start":{"line":153,"column":8},"end":{"line":162,"column":null}},"80":{"start":{"line":154,"column":10},"end":{"line":157,"column":null}},"81":{"start":{"line":155,"column":12},"end":{"line":155,"column":66}},"82":{"start":{"line":156,"column":12},"end":{"line":156,"column":25}},"83":{"start":{"line":158,"column":10},"end":{"line":158,"column":72}},"84":{"start":{"line":160,"column":10},"end":{"line":160,"column":69}},"85":{"start":{"line":161,"column":10},"end":{"line":161,"column":23}},"86":{"start":{"line":165,"column":4},"end":{"line":165,"column":36}},"87":{"start":{"line":168,"column":20},"end":{"line":172,"column":1}},"88":{"start":{"line":169,"column":14},"end":{"line":169,"column":46}},"89":{"start":{"line":170,"column":2},"end":{"line":170,"column":37}},"90":{"start":{"line":171,"column":2},"end":{"line":171,"column":13}},"91":{"start":{"line":168,"column":13},"end":{"line":168,"column":20}},"92":{"start":{"line":174,"column":0},"end":{"line":174,"column":23}},"93":{"start":{"line":176,"column":13},"end":{"line":176,"column":38}}},"fnMap":{"0":{"name":"(anonymous_1)","decl":{"start":{"line":13,"column":2},"end":{"line":13,"column":14}},"loc":{"start":{"line":13,"column":27},"end":{"line":17,"column":3}}},"1":{"name":"(anonymous_2)","decl":{"start":{"line":8,"column":28},"end":{"line":8,"column":29}},"loc":{"start":{"line":9,"column":4},"end":{"line":9,"column":123}}},"2":{"name":"(anonymous_3)","decl":{"start":{"line":11,"column":26},"end":{"line":11,"column":27}},"loc":{"start":{"line":11,"column":43},"end":{"line":11,"column":78}}},"3":{"name":"(anonymous_4)","decl":{"start":{"line":24,"column":2},"end":{"line":24,"column":14}},"loc":{"start":{"line":24,"column":35},"end":{"line":36,"column":3}}},"4":{"name":"(anonymous_5)","decl":{"start":{"line":21,"column":26},"end":{"line":21,"column":27}},"loc":{"start":{"line":21,"column":43},"end":{"line":21,"column":75}}},"5":{"name":"(anonymous_6)","decl":{"start":{"line":40,"column":2},"end":{"line":40,"column":null}},"loc":{"start":{"line":40,"column":2},"end":{"line":44,"column":3}}},"6":{"name":"(anonymous_7)","decl":{"start":{"line":48,"column":36},"end":{"line":48,"column":37}},"loc":{"start":{"line":48,"column":92},"end":{"line":58,"column":1}}},"7":{"name":"(anonymous_8)","decl":{"start":{"line":53,"column":11},"end":{"line":53,"column":12}},"loc":{"start":{"line":53,"column":18},"end":{"line":53,"column":26}}},"8":{"name":"(anonymous_9)","decl":{"start":{"line":60,"column":33},"end":{"line":60,"column":null}},"loc":{"start":{"line":63,"column":13},"end":{"line":85,"column":1}}},"9":{"name":"(anonymous_10)","decl":{"start":{"line":93,"column":2},"end":{"line":93,"column":14}},"loc":{"start":{"line":93,"column":26},"end":{"line":110,"column":3}}},"10":{"name":"(anonymous_11)","decl":{"start":{"line":117,"column":20},"end":{"line":117,"column":21}},"loc":{"start":{"line":117,"column":46},"end":{"line":140,"column":3}}},"11":{"name":"(anonymous_12)","decl":{"start":{"line":119,"column":24},"end":{"line":119,"column":25}},"loc":{"start":{"line":119,"column":39},"end":{"line":122,"column":5}}},"12":{"name":"(anonymous_13)","decl":{"start":{"line":95,"column":45},"end":{"line":95,"column":46}},"loc":{"start":{"line":95,"column":55},"end":{"line":95,"column":77}}},"13":{"name":"(anonymous_14)","decl":{"start":{"line":97,"column":33},"end":{"line":97,"column":34}},"loc":{"start":{"line":97,"column":43},"end":{"line":97,"column":68}}},"14":{"name":"(anonymous_15)","decl":{"start":{"line":102,"column":30},"end":{"line":102,"column":31}},"loc":{"start":{"line":102,"column":39},"end":{"line":107,"column":5}}},"15":{"name":"(anonymous_16)","decl":{"start":{"line":142,"column":2},"end":{"line":142,"column":7}},"loc":{"start":{"line":143,"column":99},"end":{"line":166,"column":3}}},"16":{"name":"(anonymous_17)","decl":{"start":{"line":148,"column":43},"end":{"line":148,"column":44}},"loc":{"start":{"line":148,"column":59},"end":{"line":164,"column":5}}},"17":{"name":"(anonymous_18)","decl":{"start":{"line":168,"column":20},"end":{"line":168,"column":51}},"loc":{"start":{"line":168,"column":67},"end":{"line":172,"column":1}}}},"branchMap":{"0":{"loc":{"start":{"line":25,"column":4},"end":{"line":35,"column":null}},"type":"if","locations":[{"start":{"line":25,"column":4},"end":{"line":35,"column":null}},{"start":{"line":27,"column":11},"end":{"line":35,"column":null}}]},"1":{"loc":{"start":{"line":28,"column":6},"end":{"line":34,"column":null}},"type":"if","locations":[{"start":{"line":28,"column":6},"end":{"line":34,"column":null}},{"start":{"line":30,"column":13},"end":{"line":34,"column":null}}]},"2":{"loc":{"start":{"line":30,"column":13},"end":{"line":34,"column":null}},"type":"if","locations":[{"start":{"line":30,"column":13},"end":{"line":34,"column":null}},{"start":{"line":32,"column":13},"end":{"line":34,"column":null}}]},"3":{"loc":{"start":{"line":32,"column":13},"end":{"line":34,"column":null}},"type":"if","locations":[{"start":{"line":32,"column":13},"end":{"line":34,"column":null}}]},"4":{"loc":{"start":{"line":51,"column":6},"end":{"line":51,"column":null}},"type":"cond-expr","locations":[{"start":{"line":51,"column":30},"end":{"line":51,"column":33}},{"start":{"line":51,"column":36},"end":{"line":51,"column":null}}]},"5":{"loc":{"start":{"line":64,"column":2},"end":{"line":66,"column":null}},"type":"if","locations":[{"start":{"line":64,"column":2},"end":{"line":66,"column":null}}]},"6":{"loc":{"start":{"line":64,"column":6},"end":{"line":64,"column":52}},"type":"binary-expr","locations":[{"start":{"line":64,"column":6},"end":{"line":64,"column":34}},{"start":{"line":64,"column":38},"end":{"line":64,"column":52}}]},"7":{"loc":{"start":{"line":67,"column":2},"end":{"line":84,"column":null}},"type":"if","locations":[{"start":{"line":67,"column":2},"end":{"line":84,"column":null}},{"start":{"line":79,"column":9},"end":{"line":84,"column":null}}]},"8":{"loc":{"start":{"line":68,"column":4},"end":{"line":70,"column":null}},"type":"if","locations":[{"start":{"line":68,"column":4},"end":{"line":70,"column":null}}]},"9":{"loc":{"start":{"line":71,"column":4},"end":{"line":78,"column":null}},"type":"if","locations":[{"start":{"line":71,"column":4},"end":{"line":78,"column":null}},{"start":{"line":73,"column":11},"end":{"line":78,"column":null}}]},"10":{"loc":{"start":{"line":80,"column":4},"end":{"line":82,"column":null}},"type":"if","locations":[{"start":{"line":80,"column":4},"end":{"line":82,"column":null}}]},"11":{"loc":{"start":{"line":121,"column":13},"end":{"line":121,"column":36}},"type":"cond-expr","locations":[{"start":{"line":121,"column":30},"end":{"line":121,"column":34}},{"start":{"line":121,"column":34},"end":{"line":121,"column":36}}]},"12":{"loc":{"start":{"line":121,"column":13},"end":{"line":121,"column":34}},"type":"binary-expr","locations":[{"start":{"line":121,"column":13},"end":{"line":121,"column":34}},{"start":{"line":121,"column":30},"end":{"line":121,"column":34}}]},"13":{"loc":{"start":{"line":123,"column":4},"end":{"line":125,"column":null}},"type":"if","locations":[{"start":{"line":123,"column":4},"end":{"line":125,"column":null}}]},"14":{"loc":{"start":{"line":129,"column":6},"end":{"line":131,"column":null}},"type":"if","locations":[{"start":{"line":129,"column":6},"end":{"line":131,"column":null}}]},"15":{"loc":{"start":{"line":134,"column":6},"end":{"line":138,"column":null}},"type":"if","locations":[{"start":{"line":134,"column":6},"end":{"line":138,"column":null}},{"start":{"line":136,"column":13},"end":{"line":138,"column":null}}]},"16":{"loc":{"start":{"line":97,"column":4},"end":{"line":99,"column":null}},"type":"if","locations":[{"start":{"line":97,"column":4},"end":{"line":99,"column":null}}]},"17":{"loc":{"start":{"line":97,"column":8},"end":{"line":97,"column":69}},"type":"binary-expr","locations":[{"start":{"line":97,"column":8},"end":{"line":97,"column":12}},{"start":{"line":97,"column":16},"end":{"line":97,"column":69}}]},"18":{"loc":{"start":{"line":104,"column":24},"end":{"line":104,"column":49}},"type":"cond-expr","locations":[{"start":{"line":104,"column":43},"end":{"line":104,"column":47}},{"start":{"line":104,"column":47},"end":{"line":104,"column":49}}]},"19":{"loc":{"start":{"line":104,"column":24},"end":{"line":104,"column":47}},"type":"binary-expr","locations":[{"start":{"line":104,"column":24},"end":{"line":104,"column":47}},{"start":{"line":104,"column":43},"end":{"line":104,"column":47}}]},"20":{"loc":{"start":{"line":105,"column":28},"end":{"line":105,"column":86}},"type":"cond-expr","locations":[{"start":{"line":105,"column":39},"end":{"line":105,"column":81}},{"start":{"line":105,"column":84},"end":{"line":105,"column":86}}]},"21":{"loc":{"start":{"line":143,"column":4},"end":{"line":143,"column":99}},"type":"default-arg","locations":[{"start":{"line":143,"column":84},"end":{"line":143,"column":99}}]},"22":{"loc":{"start":{"line":145,"column":4},"end":{"line":147,"column":null}},"type":"if","locations":[{"start":{"line":145,"column":4},"end":{"line":147,"column":null}}]},"23":{"loc":{"start":{"line":145,"column":8},"end":{"line":145,"column":57}},"type":"binary-expr","locations":[{"start":{"line":145,"column":8},"end":{"line":145,"column":21}},{"start":{"line":145,"column":25},"end":{"line":145,"column":37}},{"start":{"line":145,"column":41},"end":{"line":145,"column":57}}]},"24":{"loc":{"start":{"line":149,"column":6},"end":{"line":163,"column":null}},"type":"if","locations":[{"start":{"line":149,"column":6},"end":{"line":163,"column":null}},{"start":{"line":151,"column":13},"end":{"line":163,"column":null}}]},"25":{"loc":{"start":{"line":153,"column":8},"end":{"line":162,"column":null}},"type":"if","locations":[{"start":{"line":153,"column":8},"end":{"line":162,"column":null}},{"start":{"line":159,"column":15},"end":{"line":162,"column":null}}]},"26":{"loc":{"start":{"line":154,"column":10},"end":{"line":157,"column":null}},"type":"if","locations":[{"start":{"line":154,"column":10},"end":{"line":157,"column":null}}]}},"s":{"0":1,"1":1,"2":1,"3":1,"4":2,"5":2,"6":2,"7":1,"8":1,"9":2,"10":1,"11":2,"12":5,"13":1,"14":4,"15":2,"16":2,"17":1,"18":1,"19":1,"20":1,"21":1,"22":5,"23":2,"24":1,"25":1,"26":2,"27":3,"28":1,"29":1,"30":51,"31":12,"32":39,"33":20,"34":17,"35":3,"36":2,"37":1,"38":1,"39":19,"40":5,"41":14,"42":1,"43":15,"44":38,"45":38,"46":132,"47":132,"48":38,"49":1,"50":37,"51":37,"52":37,"53":36,"54":1,"55":35,"56":2,"57":1,"58":1,"59":15,"60":15,"61":51,"62":15,"63":15,"64":50,"65":1,"66":14,"67":14,"68":34,"69":34,"70":34,"71":34,"72":14,"73":29,"74":4,"75":25,"76":61,"77":23,"78":38,"79":38,"80":37,"81":1,"82":1,"83":36,"84":1,"85":1,"86":24,"87":1,"88":14,"89":12,"90":12,"91":1,"92":1,"93":1},"f":{"0":2,"1":2,"2":2,"3":5,"4":5,"5":2,"6":2,"7":3,"8":51,"9":15,"10":38,"11":132,"12":51,"13":50,"14":34,"15":29,"16":61,"17":14},"b":{"0":[1,4],"1":[2,2],"2":[1,1],"3":[1],"4":[1,1],"5":[12],"6":[51,39],"7":[20,19],"8":[17],"9":[2,1],"10":[5],"11":[94,38],"12":[132,132],"13":[1],"14":[1],"15":[1,1],"16":[1],"17":[15,15],"18":[24,10],"19":[34,24],"20":[24,10],"21":[29],"22":[4],"23":[29,27,26],"24":[23,38],"25":[37,1],"26":[1]}}
}
