TN:
SF:src/config.ts
FNF:0
FNH:0
DA:2,1
LF:1
LH:1
BRF:0
BRH:0
end_of_record
TN:
SF:src/index.ts
FN:11,(anonymous_1)
FN:41,(anonymous_2)
FN:50,(anonymous_3)
FN:52,(anonymous_4)
FN:13,(anonymous_5)
FN:15,(anonymous_6)
FN:20,(anonymous_7)
FN:59,(anonymous_8)
FN:68,(anonymous_9)
FN:94,(anonymous_10)
FNF:10
FNH:10
FNDA:9,(anonymous_1)
FNDA:20,(anonymous_2)
FNDA:19,(anonymous_3)
FNDA:57,(anonymous_4)
FNDA:27,(anonymous_5)
FNDA:26,(anonymous_6)
FNDA:16,(anonymous_7)
FNDA:14,(anonymous_8)
FNDA:22,(anonymous_9)
FNDA:9,(anonymous_10)
DA:1,1
DA:3,1
DA:4,1
DA:12,9
DA:13,27
DA:14,9
DA:15,26
DA:16,1
DA:18,8
DA:20,8
DA:21,16
DA:22,16
DA:23,16
DA:24,16
DA:27,8
DA:28,8
DA:29,8
DA:30,7
DA:31,0
DA:34,1
DA:41,9
DA:42,20
DA:43,15
DA:45,5
DA:47,3
DA:50,9
DA:51,19
DA:52,19
DA:53,57
DA:54,57
DA:56,19
DA:62,14
DA:63,2
DA:65,12
DA:66,1
DA:68,11
DA:69,22
DA:70,5
DA:72,17
DA:73,17
DA:74,16
DA:75,1
DA:78,1
DA:80,15
DA:82,1
DA:85,1
DA:89,11
DA:90,11
DA:91,11
DA:94,1
DA:95,9
DA:98,1
DA:100,1
LF:53
LH:52
BRDA:42,0,0,15
BRDA:42,0,1,5
BRDA:45,1,0,2
BRDA:54,2,0,38
BRDA:54,2,1,19
BRDA:54,3,0,57
BRDA:54,3,1,57
BRDA:15,4,0,1
BRDA:15,5,0,9
BRDA:15,5,1,9
BRDA:22,6,0,15
BRDA:22,6,1,1
BRDA:22,7,0,16
BRDA:22,7,1,15
BRDA:23,8,0,15
BRDA:23,8,1,1
BRDA:30,9,0,0
BRDA:60,10,0,14
BRDA:62,11,0,2
BRDA:65,12,0,1
BRDA:69,13,0,5
BRDA:69,13,1,17
BRDA:73,14,0,16
BRDA:73,14,1,1
BRDA:74,15,0,1
BRF:25
BRH:24
end_of_record
