TN:
SF:src/config.ts
FNF:0
FNH:0
DA:2,1
LF:1
LH:1
BRF:0
BRH:0
end_of_record
TN:
SF:src/index.ts
FN:13,(anonymous_1)
FN:8,(anonymous_2)
FN:11,(anonymous_3)
FN:24,(anonymous_4)
FN:21,(anonymous_5)
FN:40,(anonymous_6)
FN:48,(anonymous_7)
FN:53,(anonymous_8)
FN:60,(anonymous_9)
FN:93,(anonymous_10)
FN:117,(anonymous_11)
FN:119,(anonymous_12)
FN:95,(anonymous_13)
FN:97,(anonymous_14)
FN:102,(anonymous_15)
FN:142,(anonymous_16)
FN:148,(anonymous_17)
FN:168,(anonymous_18)
FNF:18
FNH:18
FNDA:2,(anonymous_1)
FNDA:2,(anonymous_2)
FNDA:2,(anonymous_3)
FNDA:5,(anonymous_4)
FNDA:5,(anonymous_5)
FNDA:2,(anonymous_6)
FNDA:2,(anonymous_7)
FNDA:3,(anonymous_8)
FNDA:51,(anonymous_9)
FNDA:15,(anonymous_10)
FNDA:38,(anonymous_11)
FNDA:132,(anonymous_12)
FNDA:51,(anonymous_13)
FNDA:50,(anonymous_14)
FNDA:34,(anonymous_15)
FNDA:29,(anonymous_16)
FNDA:61,(anonymous_17)
FNDA:14,(anonymous_18)
DA:1,1
DA:3,1
DA:4,1
DA:5,1
DA:7,1
DA:8,1
DA:9,2
DA:11,2
DA:14,2
DA:15,2
DA:16,2
DA:20,1
DA:21,5
DA:25,5
DA:26,1
DA:28,4
DA:29,2
DA:30,2
DA:31,1
DA:32,1
DA:33,1
DA:39,1
DA:41,2
DA:48,1
DA:49,2
DA:53,3
DA:60,1
DA:64,51
DA:65,12
DA:67,39
DA:68,20
DA:69,17
DA:71,3
DA:72,2
DA:74,1
DA:77,1
DA:80,19
DA:81,5
DA:83,14
DA:94,15
DA:95,51
DA:96,15
DA:97,50
DA:98,1
DA:100,14
DA:102,14
DA:103,34
DA:104,34
DA:105,34
DA:106,34
DA:109,14
DA:117,15
DA:118,38
DA:119,38
DA:120,132
DA:121,132
DA:123,38
DA:124,1
DA:126,37
DA:127,37
DA:128,37
DA:129,36
DA:130,1
DA:132,35
DA:134,2
DA:135,1
DA:137,1
DA:145,29
DA:146,4
DA:148,25
DA:149,61
DA:150,23
DA:152,38
DA:153,38
DA:154,37
DA:155,1
DA:156,1
DA:158,36
DA:160,1
DA:161,1
DA:165,24
DA:168,1
DA:169,14
DA:170,12
DA:171,12
DA:174,1
DA:176,1
LF:87
LH:87
BRDA:25,0,0,1
BRDA:25,0,1,4
BRDA:28,1,0,2
BRDA:28,1,1,2
BRDA:30,2,0,1
BRDA:30,2,1,1
BRDA:32,3,0,1
BRDA:51,4,0,1
BRDA:51,4,1,1
BRDA:64,5,0,12
BRDA:64,6,0,51
BRDA:64,6,1,39
BRDA:67,7,0,20
BRDA:67,7,1,19
BRDA:68,8,0,17
BRDA:71,9,0,2
BRDA:71,9,1,1
BRDA:80,10,0,5
BRDA:121,11,0,94
BRDA:121,11,1,38
BRDA:121,12,0,132
BRDA:121,12,1,132
BRDA:123,13,0,1
BRDA:129,14,0,1
BRDA:134,15,0,1
BRDA:134,15,1,1
BRDA:97,16,0,1
BRDA:97,17,0,15
BRDA:97,17,1,15
BRDA:104,18,0,24
BRDA:104,18,1,10
BRDA:104,19,0,34
BRDA:104,19,1,24
BRDA:105,20,0,24
BRDA:105,20,1,10
BRDA:143,21,0,29
BRDA:145,22,0,4
BRDA:145,23,0,29
BRDA:145,23,1,27
BRDA:145,23,2,26
BRDA:149,24,0,23
BRDA:149,24,1,38
BRDA:153,25,0,37
BRDA:153,25,1,1
BRDA:154,26,0,1
BRF:45
BRH:45
end_of_record
